{
  "RSpec": {
    "coverage": {
      "/Users/Dio22/Makers_Academy/Weekly_Challenges/Week2_Oystercard/spec/journey_log_spec.rb": [
        1,
        null,
        1,
        null,
        1,
        1,
        null,
        null,
        null,
        null,
        null,
        2,
        null,
        1,
        1,
        1,
        1,
        null,
        null,
        null,
        null
      ],
      "/Users/Dio22/Makers_Academy/Weekly_Challenges/Week2_Oystercard/lib/journey_log.rb": [
        1,
        null,
        1,
        null,
        1,
        14,
        null,
        null,
        1,
        6,
        null,
        null
      ],
      "/Users/Dio22/Makers_Academy/Weekly_Challenges/Week2_Oystercard/spec/journey_spec.rb": [
        1,
        null,
        1,
        6,
        null,
        1,
        5,
        5,
        5,
        5,
        5,
        5,
        5,
        null,
        null,
        null,
        5,
        null,
        null,
        null,
        5,
        null,
        null,
        null,
        null,
        null,
        1,
        null,
        null,
        1,
        1,
        null,
        null,
        null,
        1,
        1,
        1,
        1,
        null,
        null,
        null,
        1,
        1,
        1,
        1,
        1,
        null,
        null,
        null,
        1,
        1,
        1,
        1,
        1,
        null,
        null,
        null,
        1,
        1,
        1,
        1,
        null,
        null,
        1,
        1,
        null,
        null,
        null,
        null,
        null
      ],
      "/Users/Dio22/Makers_Academy/Weekly_Challenges/Week2_Oystercard/lib/journey.rb": [
        1,
        null,
        1,
        null,
        1,
        null,
        1,
        13,
        13,
        null,
        null,
        null,
        1,
        22,
        null,
        null,
        22,
        null,
        null,
        1,
        8,
        8,
        8,
        null,
        null,
        1,
        3,
        3,
        3,
        null,
        null,
        1,
        2,
        null,
        null,
        1,
        3,
        0,
        3,
        1,
        null,
        2,
        null,
        null,
        null
      ],
      "/Users/Dio22/Makers_Academy/Weekly_Challenges/Week2_Oystercard/spec/oystercard_spec.rb": [
        1,
        1,
        null,
        1,
        null,
        9,
        null,
        1,
        10,
        10,
        10,
        10,
        10,
        10,
        10,
        10,
        10,
        null,
        null,
        1,
        null,
        1,
        1,
        null,
        null,
        null,
        null,
        1,
        null,
        1,
        1,
        1,
        1,
        null,
        null,
        1,
        1,
        2,
        1,
        null,
        null,
        1,
        1,
        null,
        null,
        null,
        1,
        null,
        1,
        1,
        1,
        1,
        null,
        null,
        1,
        1,
        2,
        null,
        null,
        1,
        1,
        null,
        null,
        1,
        1,
        1,
        1,
        1,
        null,
        null,
        null,
        null,
        1,
        null,
        1,
        1,
        1,
        1,
        1,
        null,
        null,
        1,
        1,
        1,
        4,
        null,
        null,
        null,
        null
      ],
      "/Users/Dio22/Makers_Academy/Weekly_Challenges/Week2_Oystercard/lib/oystercard.rb": [
        1,
        null,
        1,
        null,
        null,
        1,
        1,
        null,
        1,
        1,
        null,
        1,
        8,
        8,
        null,
        null,
        1,
        8,
        8,
        7,
        null,
        null,
        1,
        6,
        1,
        1,
        null,
        5,
        4,
        4,
        null,
        null,
        null,
        1,
        2,
        2,
        2,
        null,
        null,
        1,
        2,
        null,
        null,
        1,
        null,
        1,
        3,
        null,
        null
      ],
      "/Users/Dio22/Makers_Academy/Weekly_Challenges/Week2_Oystercard/lib/station.rb": [
        1,
        1,
        null,
        1,
        2,
        2,
        null,
        null
      ],
      "/Users/Dio22/Makers_Academy/Weekly_Challenges/Week2_Oystercard/spec/station_spec.rb": [
        1,
        null,
        1,
        null,
        3,
        null,
        1,
        null,
        null,
        1,
        null,
        1,
        1,
        null,
        1,
        1,
        null,
        null,
        null
      ]
    },
    "timestamp": 1475598239
  }
}
