{
  "RSpec": {
    "coverage": {
      "/Users/michaelcalvey/Programming/makers/main/week_2/oyster_cards/spec/oystercard_spec.rb": [
        1,
        null,
        1,
        null,
        10,
        null,
        1,
        11,
        11,
        11,
        null,
        null,
        1,
        1,
        null,
        null,
        1,
        null,
        1,
        1,
        1,
        1,
        null,
        null,
        1,
        1,
        2,
        1,
        null,
        null,
        1,
        1,
        null,
        null,
        null,
        1,
        null,
        1,
        1,
        1,
        1,
        null,
        null,
        1,
        1,
        2,
        null,
        null,
        1,
        1,
        null,
        null,
        1,
        1,
        1,
        1,
        null,
        null,
        null,
        1,
        null,
        1,
        1,
        1,
        1,
        1,
        null,
        null,
        1,
        1,
        1,
        4,
        null,
        null,
        1,
        1,
        1,
        1,
        1,
        null,
        null,
        null
      ],
      "/Users/michaelcalvey/Programming/makers/main/week_2/oyster_cards/lib/oystercard.rb": [
        1,
        null,
        1,
        1,
        null,
        1,
        1,
        null,
        1,
        9,
        9,
        null,
        null,
        1,
        9,
        9,
        8,
        null,
        null,
        1,
        6,
        6,
        5,
        null,
        null,
        1,
        3,
        3,
        3,
        null,
        null,
        1,
        2,
        null,
        null,
        1,
        null,
        1,
        3,
        null,
        null
      ]
    },
    "timestamp": 1475575710
  }
}
